<?xml version="1.0" encoding="UTF-8"?>
<!-- Generated by org.testng.reporters.JUnitXMLReporter -->
<testsuite ignored="0" hostname="DESKTOP-DPB5V59" failures="0" tests="5" name=" HomeVacanciesPage Test_chromium" time="29.435" errors="0" timestamp="08 Mar 2023 21:15:09 GMT">
  <testcase classname="com.qa.aoe.tests.HomeVacanciesPageTest" name="homePageTitleTest" time="0.316"/>
  <testcase classname="com.qa.aoe.tests.HomeVacanciesPageTest" name="homePageURLTest" time="0.021"/>
  <testcase classname="com.qa.aoe.tests.HomeVacanciesPageTest" name="acceptCookiesPopup" time="0.26"/>
  <testcase classname="com.qa.aoe.tests.HomeVacanciesPageTest" name="vacanciesPageNavigationTest" time="2.477"/>
  <testcase classname="com.qa.aoe.tests.HomeVacanciesPageTest" name="filterOnVacanciesPage" time="8.111"/>
</testsuite> <!--  HomeVacanciesPage Test_chromium -->
