<?xml version="1.0" encoding="UTF-8"?>
<!-- Generated by org.testng.reporters.JUnitXMLReporter -->
<testsuite ignored="0" hostname="DESKTOP-DPB5V59" failures="0" tests="5" name="Home Page Test_chrome" time="31.574" errors="0" timestamp="08 Mar 2023 20:38:51 GMT">
  <testcase classname="com.qa.aoe.tests.HomePageTest" name="homePageTitleTest" time="0.154"/>
  <testcase classname="com.qa.aoe.tests.HomePageTest" name="homePageURLTest" time="0.008"/>
  <testcase classname="com.qa.aoe.tests.HomePageTest" name="acceptCookiesPopup" time="0.181"/>
  <testcase classname="com.qa.aoe.tests.HomePageTest" name="loginPageNavigationTest" time="2.414"/>
  <testcase classname="com.qa.aoe.tests.HomePageTest" name="filterOnVacanciesPage" time="7.659"/>
</testsuite> <!-- Home Page Test_chrome -->
