<?xml version="1.0" encoding="UTF-8"?>
<testng-results ignored="0" total="5" passed="5" failed="0" skipped="0">
  <reporter-output>
  </reporter-output>
  <suite started-at="2023-03-10T10:15:11Z" name="Test sanity PW Suite" finished-at="2023-03-10T10:15:36Z" duration-ms="25033">
    <groups>
    </groups>
    <test started-at="2023-03-10T10:15:11Z" name="HomeVacanciesPage Test_chrome" finished-at="2023-03-10T10:15:36Z" duration-ms="25033">
      <class name="com.qa.aoe.tests.HomeVacanciesPageTest">
        <test-method is-config="true" signature="setup(java.lang.String)[pri:0, instance:com.qa.aoe.tests.HomeVacanciesPageTest@1b266842]" started-at="2023-03-10T10:15:11Z" name="setup" finished-at="2023-03-10T10:15:21Z" duration-ms="10516" status="PASS">
          <params>
            <param index="0">
              <value>
                <![CDATA[chrome]]>
              </value>
            </param>
          </params>
          <reporter-output>
          </reporter-output>
        </test-method> <!-- setup -->
        <test-method signature="homePageTitleTest()[pri:1, instance:com.qa.aoe.tests.HomeVacanciesPageTest@1b266842]" started-at="2023-03-10T10:15:22Z" name="homePageTitleTest" finished-at="2023-03-10T10:15:22Z" duration-ms="331" status="PASS">
          <reporter-output>
          </reporter-output>
        </test-method> <!-- homePageTitleTest -->
        <test-method signature="homePageURLTest()[pri:2, instance:com.qa.aoe.tests.HomeVacanciesPageTest@1b266842]" started-at="2023-03-10T10:15:24Z" name="homePageURLTest" finished-at="2023-03-10T10:15:24Z" duration-ms="11" status="PASS">
          <reporter-output>
          </reporter-output>
        </test-method> <!-- homePageURLTest -->
        <test-method signature="acceptCookiesPopup()[pri:3, instance:com.qa.aoe.tests.HomeVacanciesPageTest@1b266842]" started-at="2023-03-10T10:15:25Z" name="acceptCookiesPopup" finished-at="2023-03-10T10:15:25Z" duration-ms="109" status="PASS">
          <reporter-output>
          </reporter-output>
        </test-method> <!-- acceptCookiesPopup -->
        <test-method signature="vacanciesPageNavigationTest()[pri:4, instance:com.qa.aoe.tests.HomeVacanciesPageTest@1b266842]" started-at="2023-03-10T10:15:27Z" name="vacanciesPageNavigationTest" finished-at="2023-03-10T10:15:29Z" duration-ms="2338" status="PASS">
          <reporter-output>
          </reporter-output>
        </test-method> <!-- vacanciesPageNavigationTest -->
        <test-method signature="filterOnVacanciesPage()[pri:5, instance:com.qa.aoe.tests.HomeVacanciesPageTest@1b266842]" started-at="2023-03-10T10:15:29Z" name="filterOnVacanciesPage" finished-at="2023-03-10T10:15:35Z" duration-ms="5682" status="PASS">
          <reporter-output>
          </reporter-output>
        </test-method> <!-- filterOnVacanciesPage -->
        <test-method is-config="true" signature="tearDown()[pri:0, instance:com.qa.aoe.tests.HomeVacanciesPageTest@1b266842]" started-at="2023-03-10T10:15:36Z" name="tearDown" finished-at="2023-03-10T10:15:36Z" duration-ms="403" status="PASS">
          <reporter-output>
          </reporter-output>
        </test-method> <!-- tearDown -->
      </class> <!-- com.qa.aoe.tests.HomeVacanciesPageTest -->
    </test> <!-- HomeVacanciesPage Test_chrome -->
  </suite> <!-- Test sanity PW Suite -->
</testng-results>
